\BOOKMARK [0][-]{chapter.1}{Answer Key}{}% 1
\BOOKMARK [1][-]{section.1.1}{Solutions for``Complex Numbers''}{chapter.1}% 2
\BOOKMARK [1][-]{section.1.2}{Solutions for ``Modular Arithmetic''}{chapter.1}% 3
\BOOKMARK [1][-]{section.1.3}{Solutions for ``Set Theory''}{chapter.1}% 4
\BOOKMARK [1][-]{section.1.4}{Solutions for ``Functions''}{chapter.1}% 5
\BOOKMARK [1][-]{section.1.5}{Solutions for ``Equivalence Relations''}{chapter.1}% 6
\BOOKMARK [1][-]{section.1.6}{Solutions for ``Symmetries of Plane Figures''}{chapter.1}% 7
\BOOKMARK [1][-]{section.1.7}{Solutions for ``Permutations''}{chapter.1}% 8
\BOOKMARK [1][-]{section.1.8}{Solutions for ``Abstract Groups''}{chapter.1}% 9
\BOOKMARK [2][-]{subsection.1.8.1}{Answers for additional group and subgroup exercises}{section.1.8}% 10
\BOOKMARK [1][-]{section.1.9}{Solutions for ``Group Actions''}{chapter.1}% 11
\BOOKMARK [1][-]{section.1.10}{Solutions for ``Polynomials''}{chapter.1}% 12
\BOOKMARK [1][-]{section.1.11}{Proofs for Section 19.1}{chapter.1}% 13
\BOOKMARK [2][-]{subsection.1.11.1}{Induction proofs, type I: sum/product formulas}{section.1.11}% 14
\BOOKMARK [2][-]{subsection.1.11.2}{Induction proofs, type II: Inequalities}{section.1.11}% 15
\BOOKMARK [2][-]{subsection.1.11.3}{Induction proofs, type III: Extension of theorems from 2 variables to n variables}{section.1.11}% 16
\BOOKMARK [1][-]{section.1.12}{Proofs for Section 19.7}{chapter.1}% 17
\BOOKMARK [2][-]{subsection.1.12.1}{``Strong induction and recurrences''}{section.1.12}% 18
\BOOKMARK [2][-]{subsection.1.12.2}{Strong induction and representation problems}{section.1.12}% 19
\BOOKMARK [1][-]{section.1.13}{Proofs for Section 19.9}{chapter.1}% 20
\BOOKMARK [1][-]{section.1.14}{Solutions to Section 19.10 }{chapter.1}% 21
\BOOKMARK [0][-]{chapter.2}{Example Test Questions}{}% 22
\BOOKMARK [1][-]{section.2.1}{In the Beginning}{chapter.2}% 23
\BOOKMARK [1][-]{section.2.2}{Complex Numbers}{chapter.2}% 24
\BOOKMARK [1][-]{section.2.3}{Modular Arithmetic}{chapter.2}% 25
\BOOKMARK [1][-]{section.2.4}{Introduction to Cryptography}{chapter.2}% 26
\BOOKMARK [1][-]{section.2.5}{Set Theory}{chapter.2}% 27
\BOOKMARK [1][-]{section.2.6}{Functions}{chapter.2}% 28
\BOOKMARK [1][-]{section.2.7}{Equivalence Relations}{chapter.2}% 29
\BOOKMARK [1][-]{section.2.8}{Symmetries of Plane Figures}{chapter.2}% 30
