\BOOKMARK [0][-]{chapter.1}{Complex Numbers}{}% 1
\BOOKMARK [1][-]{section.1.1}{The origin of complex numbers}{chapter.1}% 2
\BOOKMARK [2][-]{subsection.1.1.1}{A number that can't be real \(and we can prove it!\)}{section.1.1}% 3
\BOOKMARK [2][-]{subsection.1.1.2}{Unreal, but unavoidable}{section.1.1}% 4
\BOOKMARK [2][-]{subsection.1.1.3}{A mathematical revolution}{section.1.1}% 5
\BOOKMARK [1][-]{section.1.2}{Arithmetic with complex numbers}{chapter.1}% 6
\BOOKMARK [2][-]{subsection.1.2.1}{Complex arithmetic}{section.1.2}% 7
\BOOKMARK [2][-]{subsection.1.2.2}{Comparison of integer, rational, real and complex addition properties}{section.1.2}% 8
\BOOKMARK [2][-]{subsection.1.2.3}{Comparison of integer, rational, real and complex multiplication properties}{section.1.2}% 9
\BOOKMARK [2][-]{subsection.1.2.4}{Modulus and complex conjugate}{section.1.2}% 10
\BOOKMARK [1][-]{section.1.3}{Alternative representations of complex numbers}{chapter.1}% 11
\BOOKMARK [2][-]{subsection.1.3.1}{Cartesian representation of complex numbers}{section.1.3}% 12
\BOOKMARK [2][-]{subsection.1.3.2}{Vector representation of complex numbers}{section.1.3}% 13
\BOOKMARK [2][-]{subsection.1.3.3}{Polar representation of complex numbers}{section.1.3}% 14
\BOOKMARK [2][-]{subsection.1.3.4}{Converting between rectangular and polar form}{section.1.3}% 15
\BOOKMARK [2][-]{subsection.1.3.5}{Multiplication and powers in complex polar form}{section.1.3}% 16
\BOOKMARK [2][-]{subsection.1.3.6}{A Remark on representations of complex numbers}{section.1.3}% 17
\BOOKMARK [1][-]{section.1.4}{Applications of complex numbers}{chapter.1}% 18
\BOOKMARK [2][-]{subsection.1.4.1}{General remarks on the usefulness of complex numbers}{section.1.4}% 19
\BOOKMARK [2][-]{subsection.1.4.2}{Complex numbers, sine and cosine waves, and phasors}{section.1.4}% 20
\BOOKMARK [2][-]{subsection.1.4.3}{Roots of unity and regular polygons}{section.1.4}% 21
\BOOKMARK [2][-]{subsection.1.4.4}{Arbitrary nth roots}{section.1.4}% 22
\BOOKMARK [1][-]{section.1.5}{Complex roots of polynomial equations}{chapter.1}% 23
\BOOKMARK [1][-]{section.1.6}{Hints for ``Complex Numbers'' exercises}{chapter.1}% 24
\BOOKMARK [0][-]{chapter.2}{Symmetries of Plane Figures}{}% 25
\BOOKMARK [1][-]{section.2.1}{Definition and examples}{chapter.2}% 26
\BOOKMARK [1][-]{section.2.2}{Composition of symmetries}{chapter.2}% 27
\BOOKMARK [1][-]{section.2.3}{Do the symmetries of an object form a group?}{chapter.2}% 28
\BOOKMARK [1][-]{section.2.4}{The dihedral groups}{chapter.2}% 29
\BOOKMARK [1][-]{section.2.5}{For further investigation}{chapter.2}% 30
\BOOKMARK [1][-]{section.2.6}{An unexplained miracle}{chapter.2}% 31
\BOOKMARK [0][-]{chapter.3}{Permutations}{}% 32
\BOOKMARK [1][-]{section.3.1}{Introduction to permutations}{chapter.3}% 33
\BOOKMARK [1][-]{section.3.2}{Permutation groups and other generalizations}{chapter.3}% 34
\BOOKMARK [2][-]{subsection.3.2.1}{The symmetric group of n letters}{section.3.2}% 35
\BOOKMARK [2][-]{subsection.3.2.2}{Isomorphic groups}{section.3.2}% 36
\BOOKMARK [2][-]{subsection.3.2.3}{Subgroups and permutation groups}{section.3.2}% 37
\BOOKMARK [1][-]{section.3.3}{Cycle notation}{chapter.3}% 38
\BOOKMARK [2][-]{subsection.3.3.1}{Tableaus and cycles}{section.3.3}% 39
\BOOKMARK [2][-]{subsection.3.3.2}{Composition \(a.k.a. product\) of cycles}{section.3.3}% 40
\BOOKMARK [2][-]{subsection.3.3.3}{Product of disjoint cycles}{section.3.3}% 41
\BOOKMARK [2][-]{subsection.3.3.4}{Products of permutations using cycle notation}{section.3.3}% 42
\BOOKMARK [2][-]{subsection.3.3.5}{Cycle structure of permutations}{section.3.3}% 43
\BOOKMARK [1][-]{section.3.4}{Algebraic properties of cycles}{chapter.3}% 44
\BOOKMARK [2][-]{subsection.3.4.1}{Powers of cycles: definition of order}{section.3.4}% 45
\BOOKMARK [2][-]{subsection.3.4.2}{Powers and orders of permutations in general}{section.3.4}% 46
\BOOKMARK [2][-]{subsection.3.4.3}{Transpositions and inverses}{section.3.4}% 47
\BOOKMARK [1][-]{section.3.5}{``Switchyard" and generators of the permutation group}{chapter.3}% 48
\BOOKMARK [1][-]{section.3.6}{Other groups of permutations}{chapter.3}% 49
\BOOKMARK [2][-]{subsection.3.6.1}{Even and odd permutations}{section.3.6}% 50
\BOOKMARK [2][-]{subsection.3.6.2}{The alternating group}{section.3.6}% 51
\BOOKMARK [1][-]{section.3.7}{Additional exercises}{chapter.3}% 52
\BOOKMARK [0][-]{chapter.4}{Group Actions}{}% 53
\BOOKMARK [1][-]{section.4.1}{Basic definitions}{chapter.4}% 54
\BOOKMARK [1][-]{section.4.2}{Group actions on regular polyhedra}{chapter.4}% 55
\BOOKMARK [2][-]{subsection.4.2.1}{G-equivalence and orbits}{section.4.2}% 56
\BOOKMARK [2][-]{subsection.4.2.2}{Stabilizers, stabilizer subgroups, and fixed point sets}{section.4.2}% 57
\BOOKMARK [2][-]{subsection.4.2.3}{Counting formula for the order of polyhedral rotational symmetry groups}{section.4.2}% 58
\BOOKMARK [2][-]{subsection.4.2.4}{Representing G in terms of stabilizer subgroups}{section.4.2}% 59
\BOOKMARK [1][-]{section.4.3}{Examples of other regular polyhedral rotation groups}{chapter.4}% 60
\BOOKMARK [2][-]{subsection.4.3.1}{The tetrahedron}{section.4.3}% 61
\BOOKMARK [2][-]{subsection.4.3.2}{The octahedron}{section.4.3}% 62
\BOOKMARK [2][-]{subsection.4.3.3}{The dodecahedron}{section.4.3}% 63
\BOOKMARK [2][-]{subsection.4.3.4}{Soccer ball}{section.4.3}% 64
\BOOKMARK [1][-]{section.4.4}{Euler's formula for regular polyhedra}{chapter.4}% 65
\BOOKMARK [1][-]{section.4.5}{Closing comments on polyhedral symmetry groups}{chapter.4}% 66
\BOOKMARK [1][-]{section.4.6}{Group actions on subgroups and cosets}{chapter.4}% 67
\BOOKMARK [1][-]{section.4.7}{Conjugation}{chapter.4}% 68
\BOOKMARK [0][-]{chapter.5}{Polynomials}{}% 69
\BOOKMARK [1][-]{section.5.1}{Polynomials of various stripes}{chapter.5}% 70
\BOOKMARK [1][-]{section.5.2}{Polynomial rings}{chapter.5}% 71
\BOOKMARK [1][-]{section.5.3}{The Division Algorithm for Polynomials}{chapter.5}% 72
\BOOKMARK [1][-]{section.5.4}{Polynomial roots}{chapter.5}% 73
\BOOKMARK [1][-]{section.5.5}{Proof that U\(p\) is cyclic}{chapter.5}% 74
\BOOKMARK [0][-]{example.5.39}{Index}{}% 75
