\BOOKMARK [0][-]{chapter.1}{Forward}{}% 1
\BOOKMARK [0][-]{chapter.2}{In the Beginning}{}% 2
\BOOKMARK [1][-]{section.2.1}{Prologue}{chapter.2}% 3
\BOOKMARK [1][-]{section.2.2}{Integers, rational numbers, real numbers}{chapter.2}% 4
\BOOKMARK [2][-]{subsection.2.2.1}{Operations and relations }{section.2.2}% 5
\BOOKMARK [2][-]{subsection.2.2.2}{Manipulating equations and inequalities}{section.2.2}% 6
\BOOKMARK [2][-]{subsection.2.2.3}{Exponentiation \(VERY important\)}{section.2.2}% 7
\BOOKMARK [1][-]{section.2.3}{Test yourself}{chapter.2}% 8
\BOOKMARK [0][-]{chapter.3}{Complex Numbers}{}% 9
\BOOKMARK [1][-]{section.3.1}{The origin of complex numbers}{chapter.3}% 10
\BOOKMARK [2][-]{subsection.3.1.1}{A number that can't be real \(and we can prove it!\)}{section.3.1}% 11
\BOOKMARK [2][-]{subsection.3.1.2}{Unreal, but unavoidable}{section.3.1}% 12
\BOOKMARK [2][-]{subsection.3.1.3}{A mathematical revolution}{section.3.1}% 13
\BOOKMARK [1][-]{section.3.2}{Arithmetic with complex numbers}{chapter.3}% 14
\BOOKMARK [2][-]{subsection.3.2.1}{Complex arithmetic}{section.3.2}% 15
\BOOKMARK [2][-]{subsection.3.2.2}{Comparison of integer, rational, real and complex addition properties}{section.3.2}% 16
\BOOKMARK [2][-]{subsection.3.2.3}{Comparison of integer, rational, real and complex multiplication properties}{section.3.2}% 17
\BOOKMARK [2][-]{subsection.3.2.4}{Modulus and complex conjugate}{section.3.2}% 18
\BOOKMARK [1][-]{section.3.3}{Alternative representations of complex numbers}{chapter.3}% 19
\BOOKMARK [2][-]{subsection.3.3.1}{Cartesian representation of complex numbers}{section.3.3}% 20
\BOOKMARK [2][-]{subsection.3.3.2}{Vector representation of complex numbers}{section.3.3}% 21
\BOOKMARK [2][-]{subsection.3.3.3}{Polar representation of complex numbers}{section.3.3}% 22
\BOOKMARK [2][-]{subsection.3.3.4}{Converting between rectangular and polar form}{section.3.3}% 23
\BOOKMARK [2][-]{subsection.3.3.5}{Multiplication and powers in complex polar form}{section.3.3}% 24
\BOOKMARK [2][-]{subsection.3.3.6}{A Remark on representations of complex numbers}{section.3.3}% 25
\BOOKMARK [1][-]{section.3.4}{Applications of complex numbers}{chapter.3}% 26
\BOOKMARK [2][-]{subsection.3.4.1}{General remarks on the usefulness of complex numbers}{section.3.4}% 27
\BOOKMARK [2][-]{subsection.3.4.2}{Complex numbers, sine and cosine waves, and phasors}{section.3.4}% 28
\BOOKMARK [2][-]{subsection.3.4.3}{Roots of unity and regular polygons}{section.3.4}% 29
\BOOKMARK [2][-]{subsection.3.4.4}{Arbitrary nth roots}{section.3.4}% 30
\BOOKMARK [1][-]{section.3.5}{Complex roots of polynomial equations}{chapter.3}% 31
\BOOKMARK [0][-]{chapter.4}{Modular Arithmetic}{}% 32
\BOOKMARK [1][-]{section.4.1}{Introductory examples}{chapter.4}% 33
\BOOKMARK [1][-]{section.4.2}{Modular equivalence and modular arithmetic}{chapter.4}% 34
\BOOKMARK [1][-]{section.4.3}{Modular equations}{chapter.4}% 35
\BOOKMARK [2][-]{subsection.4.3.1}{More uses of modular arithmetic }{section.4.3}% 36
\BOOKMARK [2][-]{subsection.4.3.2}{Solving modular equations}{section.4.3}% 37
\BOOKMARK [1][-]{section.4.4}{The integers mod n \(also known as Zn\)}{chapter.4}% 38
\BOOKMARK [2][-]{subsection.4.4.1}{Arithmetic with remainders}{section.4.4}% 39
\BOOKMARK [2][-]{subsection.4.4.2}{Cayley tables for Zn}{section.4.4}% 40
\BOOKMARK [2][-]{subsection.4.4.3}{Closure properties of Zn}{section.4.4}% 41
\BOOKMARK [2][-]{subsection.4.4.4}{Identities and inverses in Zn}{section.4.4}% 42
\BOOKMARK [2][-]{subsection.4.4.5}{Inverses in Zn}{section.4.4}% 43
\BOOKMARK [2][-]{subsection.4.4.6}{Other arithmetic properties of \040and }{section.4.4}% 44
\BOOKMARK [2][-]{subsection.4.4.7}{Definition of a group}{section.4.4}% 45
\BOOKMARK [1][-]{section.4.5}{Modular division}{chapter.4}% 46
\BOOKMARK [2][-]{subsection.4.5.1}{A sticky problem}{section.4.5}% 47
\BOOKMARK [2][-]{subsection.4.5.2}{Greatest common divisors}{section.4.5}% 48
\BOOKMARK [2][-]{subsection.4.5.3}{Computer stuff}{section.4.5}% 49
\BOOKMARK [2][-]{subsection.4.5.4}{Diophantine equations}{section.4.5}% 50
\BOOKMARK [2][-]{subsection.4.5.5}{Multiplicative inverse for modular arithmetic}{section.4.5}% 51
\BOOKMARK [2][-]{subsection.4.5.6}{Chinese remainder theorem}{section.4.5}% 52
\BOOKMARK [0][-]{chapter.5}{Introduction to Cryptography}{}% 53
\BOOKMARK [1][-]{section.5.1}{Private key cryptography}{chapter.5}% 54
\BOOKMARK [2][-]{subsection.5.1.1}{Shift codes}{section.5.1}% 55
\BOOKMARK [2][-]{subsection.5.1.2}{Affine codes}{section.5.1}% 56
\BOOKMARK [2][-]{subsection.5.1.3}{Monoalphabetic codes}{section.5.1}% 57
\BOOKMARK [2][-]{subsection.5.1.4}{Polyalphabetic codes}{section.5.1}% 58
\BOOKMARK [2][-]{subsection.5.1.5}{Spreadsheet exercises}{section.5.1}% 59
\BOOKMARK [1][-]{section.5.2}{Public key cryptography}{chapter.5}% 60
\BOOKMARK [2][-]{subsection.5.2.1}{The RSA cryptosystem}{section.5.2}% 61
\BOOKMARK [2][-]{subsection.5.2.2}{Message verification}{section.5.2}% 62
\BOOKMARK [2][-]{subsection.5.2.3}{RSA exercises}{section.5.2}% 63
\BOOKMARK [2][-]{subsection.5.2.4}{Additional exercises: identifying prime numbers}{section.5.2}% 64
\BOOKMARK [1][-]{section.5.3}{References and suggested readings}{chapter.5}% 65
\BOOKMARK [0][-]{chapter.6}{Set Theory}{}% 66
\BOOKMARK [1][-]{section.6.1}{Set Basics}{chapter.6}% 67
\BOOKMARK [2][-]{subsection.6.1.1}{What's a set? \(mathematically speaking, that is\)}{section.6.1}% 68
\BOOKMARK [2][-]{subsection.6.1.2}{How to specify sets}{section.6.1}% 69
\BOOKMARK [2][-]{subsection.6.1.3}{Important sets of numbers}{section.6.1}% 70
\BOOKMARK [2][-]{subsection.6.1.4}{Operations on sets}{section.6.1}% 71
\BOOKMARK [1][-]{section.6.2}{Properties of set operations}{chapter.6}% 72
\BOOKMARK [1][-]{section.6.3}{Do the subsets of a set form a group?}{chapter.6}% 73
\BOOKMARK [0][-]{chapter.7}{Functions: basic concepts}{}% 74
\BOOKMARK [1][-]{section.7.1}{The Cartesian product: a different type of set operation}{chapter.7}% 75
\BOOKMARK [1][-]{section.7.2}{Introduction to functions}{chapter.7}% 76
\BOOKMARK [2][-]{subsection.7.2.1}{Informal look at functions}{section.7.2}% 77
\BOOKMARK [2][-]{subsection.7.2.2}{Official definition of functions}{section.7.2}% 78
\BOOKMARK [2][-]{subsection.7.2.3}{Summary of basic function concepts}{section.7.2}% 79
\BOOKMARK [1][-]{section.7.3}{One-to-one functions}{chapter.7}% 80
\BOOKMARK [2][-]{subsection.7.3.1}{Concept and definition}{section.7.3}% 81
\BOOKMARK [2][-]{subsection.7.3.2}{Proving that a function is one-to-one}{section.7.3}% 82
\BOOKMARK [1][-]{section.7.4}{Onto functions}{chapter.7}% 83
\BOOKMARK [2][-]{subsection.7.4.1}{Concept and definition}{section.7.4}% 84
\BOOKMARK [2][-]{subsection.7.4.2}{Proving that a function is onto}{section.7.4}% 85
\BOOKMARK [1][-]{section.7.5}{Bijections}{chapter.7}% 86
\BOOKMARK [2][-]{subsection.7.5.1}{Concept and definition}{section.7.5}% 87
\BOOKMARK [2][-]{subsection.7.5.2}{Proving that a function is a bijection}{section.7.5}% 88
\BOOKMARK [1][-]{section.7.6}{Composition of functions}{chapter.7}% 89
\BOOKMARK [2][-]{subsection.7.6.1}{Concept and definition}{section.7.6}% 90
\BOOKMARK [2][-]{subsection.7.6.2}{Proofs involving function composition}{section.7.6}% 91
\BOOKMARK [1][-]{section.7.7}{Inverse functions}{chapter.7}% 92
\BOOKMARK [2][-]{subsection.7.7.1}{Concept and definition}{section.7.7}% 93
\BOOKMARK [2][-]{subsection.7.7.2}{Which functions have inverses?}{section.7.7}% 94
\BOOKMARK [0][-]{chapter.8}{Equivalence Relations and Equivalence Classes}{}% 95
\BOOKMARK [1][-]{section.8.1}{Binary relations}{chapter.8}% 96
\BOOKMARK [1][-]{section.8.2}{Definition and basic properties of equivalence relations}{chapter.8}% 97
\BOOKMARK [1][-]{section.8.3}{Equivalence classes}{chapter.8}% 98
\BOOKMARK [1][-]{section.8.4}{Modular arithmetic redux}{chapter.8}% 99
\BOOKMARK [2][-]{subsection.8.4.1}{The integers modulo 3}{section.8.4}% 100
\BOOKMARK [2][-]{subsection.8.4.2}{The integers modulo n}{section.8.4}% 101
\BOOKMARK [2][-]{subsection.8.4.3}{Something we have swept under the rug}{section.8.4}% 102
\BOOKMARK [1][-]{section.8.5}{Partitions}{chapter.8}% 103
\BOOKMARK [0][-]{chapter.9}{Symmetries of Plane Figures}{}% 104
\BOOKMARK [1][-]{section.9.1}{Definition and examples}{chapter.9}% 105
\BOOKMARK [1][-]{section.9.2}{Composition of symmetries}{chapter.9}% 106
\BOOKMARK [1][-]{section.9.3}{Do the symmetries of an object form a group?}{chapter.9}% 107
\BOOKMARK [1][-]{section.9.4}{The dihedral groups}{chapter.9}% 108
\BOOKMARK [1][-]{section.9.5}{For further investigation}{chapter.9}% 109
\BOOKMARK [1][-]{section.9.6}{An unexplained miracle}{chapter.9}% 110
\BOOKMARK [0][-]{chapter.10}{Permutations}{}% 111
\BOOKMARK [1][-]{section.10.1}{Introduction to permutations}{chapter.10}% 112
\BOOKMARK [1][-]{section.10.2}{Permutation groups and other generalizations}{chapter.10}% 113
\BOOKMARK [2][-]{subsection.10.2.1}{The symmetric group of n letters}{section.10.2}% 114
\BOOKMARK [2][-]{subsection.10.2.2}{Isomorphic groups}{section.10.2}% 115
\BOOKMARK [2][-]{subsection.10.2.3}{Subgroups and permutation groups}{section.10.2}% 116
\BOOKMARK [1][-]{section.10.3}{Cycle notation}{chapter.10}% 117
\BOOKMARK [2][-]{subsection.10.3.1}{Tableaus and cycles}{section.10.3}% 118
\BOOKMARK [2][-]{subsection.10.3.2}{Composition \(a.k.a. product\) of cycles}{section.10.3}% 119
\BOOKMARK [2][-]{subsection.10.3.3}{Product of disjoint cycles}{section.10.3}% 120
\BOOKMARK [2][-]{subsection.10.3.4}{Products of permutations using cycle notation}{section.10.3}% 121
\BOOKMARK [2][-]{subsection.10.3.5}{Cycle structure of permutations}{section.10.3}% 122
\BOOKMARK [1][-]{section.10.4}{Algebraic properties of cycles}{chapter.10}% 123
\BOOKMARK [2][-]{subsection.10.4.1}{Powers of cycles: definition of order}{section.10.4}% 124
\BOOKMARK [2][-]{subsection.10.4.2}{Powers and orders of permutations in general}{section.10.4}% 125
\BOOKMARK [2][-]{subsection.10.4.3}{Transpositions and inverses}{section.10.4}% 126
\BOOKMARK [1][-]{section.10.5}{``Switchyard" and generators of the permutation group}{chapter.10}% 127
\BOOKMARK [1][-]{section.10.6}{Other groups of permutations}{chapter.10}% 128
\BOOKMARK [2][-]{subsection.10.6.1}{Even and odd permutations}{section.10.6}% 129
\BOOKMARK [2][-]{subsection.10.6.2}{The alternating group}{section.10.6}% 130
\BOOKMARK [1][-]{section.10.7}{Additional exercises}{chapter.10}% 131
\BOOKMARK [0][-]{chapter.11}{Abstract Groups: Definitions and Basic Properties}{}% 132
\BOOKMARK [1][-]{section.11.1}{Formal definition of a group}{chapter.11}% 133
\BOOKMARK [1][-]{section.11.2}{Examples}{chapter.11}% 134
\BOOKMARK [2][-]{subsection.11.2.1}{The group of units of Zn }{section.11.2}% 135
\BOOKMARK [2][-]{subsection.11.2.2}{Groups of matrices}{section.11.2}% 136
\BOOKMARK [1][-]{section.11.3}{Basic properties of groups}{chapter.11}% 137
\BOOKMARK [1][-]{section.11.4}{Subgroups}{chapter.11}% 138
\BOOKMARK [1][-]{section.11.5}{Cyclic groups}{chapter.11}% 139
\BOOKMARK [2][-]{subsection.11.5.1}{Cyclic groups}{section.11.5}% 140
\BOOKMARK [2][-]{subsection.11.5.2}{Cyclic subgroups}{section.11.5}% 141
\BOOKMARK [2][-]{subsection.11.5.3}{Subgroups of cyclic groups}{section.11.5}% 142
\BOOKMARK [1][-]{section.11.6}{Additional group and subgroup exercises}{chapter.11}% 143
\BOOKMARK [0][-]{chapter.12}{Cosets and Factor Groups}{}% 144
\BOOKMARK [1][-]{section.12.1}{Definition of cosets}{chapter.12}% 145
\BOOKMARK [1][-]{section.12.2}{Cosets and partitions of groups}{chapter.12}% 146
\BOOKMARK [1][-]{section.12.3}{Lagrange's theorem, and some consequences}{chapter.12}% 147
\BOOKMARK [2][-]{subsection.12.3.1}{Lagrange's theorem}{section.12.3}% 148
\BOOKMARK [2][-]{subsection.12.3.2}{Orders of elements, Euler's theorem, Fermat's little theorem, and prime order}{section.12.3}% 149
\BOOKMARK [1][-]{section.12.4}{Factor groups and normal subgroups}{chapter.12}% 150
\BOOKMARK [2][-]{subsection.12.4.1}{Normal subgroups}{section.12.4}% 151
\BOOKMARK [2][-]{subsection.12.4.2}{Factor groups}{section.12.4}% 152
\BOOKMARK [1][-]{section.12.5}{The simplicity of the alternating group}{chapter.12}% 153
\BOOKMARK [0][-]{chapter.13}{Group Actions}{}% 154
\BOOKMARK [1][-]{section.13.1}{Basic definitions}{chapter.13}% 155
\BOOKMARK [1][-]{section.13.2}{Group actions on regular polyhedra}{chapter.13}% 156
\BOOKMARK [2][-]{subsection.13.2.1}{G-equivalence and orbits}{section.13.2}% 157
\BOOKMARK [2][-]{subsection.13.2.2}{Stabilizers, stabilizer subgroups, and fixed point sets}{section.13.2}% 158
\BOOKMARK [2][-]{subsection.13.2.3}{Counting formula for the order of polyhedral rotational symmetry groups}{section.13.2}% 159
\BOOKMARK [2][-]{subsection.13.2.4}{Representing G in terms of stabilizer subgroups}{section.13.2}% 160
\BOOKMARK [1][-]{section.13.3}{Examples of other regular polyhedral rotation groups}{chapter.13}% 161
\BOOKMARK [2][-]{subsection.13.3.1}{The tetrahedron}{section.13.3}% 162
\BOOKMARK [2][-]{subsection.13.3.2}{The octahedron}{section.13.3}% 163
\BOOKMARK [2][-]{subsection.13.3.3}{The dodecahedron}{section.13.3}% 164
\BOOKMARK [2][-]{subsection.13.3.4}{Soccer ball}{section.13.3}% 165
\BOOKMARK [1][-]{section.13.4}{Euler's formula for regular polyhedra}{chapter.13}% 166
\BOOKMARK [1][-]{section.13.5}{Closing comments on polyhedral symmetry groups}{chapter.13}% 167
\BOOKMARK [1][-]{section.13.6}{Group actions on subgroups and cosets}{chapter.13}% 168
\BOOKMARK [1][-]{section.13.7}{Conjugation}{chapter.13}% 169
\BOOKMARK [0][-]{chapter.14}{Algebraic Coding}{}% 170
\BOOKMARK [1][-]{section.14.1}{Error-Detecting and Correcting Codes}{chapter.14}% 171
\BOOKMARK [2][-]{subsection.14.1.1}{Maximum-Likelihood Decoding}{section.14.1}% 172
\BOOKMARK [2][-]{subsection.14.1.2}{Block Codes}{section.14.1}% 173
\BOOKMARK [1][-]{section.14.2}{Group codes and linear codes}{chapter.14}% 174
\BOOKMARK [1][-]{section.14.3}{Linear Block Codes}{chapter.14}% 175
\BOOKMARK [1][-]{section.14.4}{Code words and encoding in block linear codes}{chapter.14}% 176
\BOOKMARK [2][-]{subsection.14.4.1}{Canonical Parity-check matrices}{section.14.4}% 177
\BOOKMARK [2][-]{subsection.14.4.2}{Standard Generator Matrices}{section.14.4}% 178
\BOOKMARK [2][-]{subsection.14.4.3}{Error detection and correction}{section.14.4}% 179
\BOOKMARK [1][-]{section.14.5}{Efficient Decoding}{chapter.14}% 180
\BOOKMARK [2][-]{subsection.14.5.1}{Decoding using syndromes}{section.14.5}% 181
\BOOKMARK [2][-]{subsection.14.5.2}{Coset Decoding}{section.14.5}% 182
\BOOKMARK [1][-]{section.14.6}{Additional algebraic coding exercises}{chapter.14}% 183
\BOOKMARK [1][-]{section.14.7}{References and Suggested Readings}{chapter.14}% 184
\BOOKMARK [0][-]{chapter.15}{Isomorphisms of Groups}{}% 185
\BOOKMARK [1][-]{section.15.1}{Preliminary examples}{chapter.15}% 186
\BOOKMARK [1][-]{section.15.2}{Formal definition and basic properties of isomorphisms}{chapter.15}% 187
\BOOKMARK [1][-]{section.15.3}{More Examples}{chapter.15}% 188
\BOOKMARK [1][-]{section.15.4}{More properties of isomorphisms}{chapter.15}% 189
\BOOKMARK [1][-]{section.15.5}{Classification up to isomorphism}{chapter.15}% 190
\BOOKMARK [2][-]{subsection.15.5.1}{Classifying cyclic groups}{section.15.5}% 191
\BOOKMARK [2][-]{subsection.15.5.2}{Characterizing all finite groups: Cayley's theorem}{section.15.5}% 192
\BOOKMARK [1][-]{section.15.6}{Direct Products}{chapter.15}% 193
\BOOKMARK [2][-]{subsection.15.6.1}{External Direct Products}{section.15.6}% 194
\BOOKMARK [2][-]{subsection.15.6.2}{Classifying abelian groups by factorization}{section.15.6}% 195
\BOOKMARK [2][-]{subsection.15.6.3}{Internal Direct Products}{section.15.6}% 196
\BOOKMARK [0][-]{chapter.16}{Homomorphisms of Groups}{}% 197
\BOOKMARK [1][-]{section.16.1}{Preliminary examples}{chapter.16}% 198
\BOOKMARK [1][-]{section.16.2}{Definition and several more examples}{chapter.16}% 199
\BOOKMARK [1][-]{section.16.3}{Proofs of homomorphism properties}{chapter.16}% 200
\BOOKMARK [1][-]{section.16.4}{The First Isomorphism Theorem}{chapter.16}% 201
\BOOKMARK [0][-]{chapter.17}{Sigma Notation}{}% 202
\BOOKMARK [1][-]{section.17.1}{Lots of examples}{chapter.17}% 203
\BOOKMARK [1][-]{section.17.2}{Sigma notation properties}{chapter.17}% 204
\BOOKMARK [1][-]{section.17.3}{Nested Sigmas}{chapter.17}% 205
\BOOKMARK [1][-]{section.17.4}{Common Sums}{chapter.17}% 206
\BOOKMARK [1][-]{section.17.5}{Sigma notation in linear algebra}{chapter.17}% 207
\BOOKMARK [2][-]{subsection.17.5.1}{Applications to matrices}{section.17.5}% 208
\BOOKMARK [2][-]{subsection.17.5.2}{Levi-Civita symbols}{section.17.5}% 209
\BOOKMARK [1][-]{section.17.6}{Summation by parts}{chapter.17}% 210
\BOOKMARK [0][-]{chapter.18}{Polynomials}{}% 211
\BOOKMARK [1][-]{section.18.1}{Polynomials of various stripes}{chapter.18}% 212
\BOOKMARK [1][-]{section.18.2}{Polynomial rings}{chapter.18}% 213
\BOOKMARK [1][-]{section.18.3}{The Division Algorithm for Polynomials}{chapter.18}% 214
\BOOKMARK [1][-]{section.18.4}{Polynomial roots}{chapter.18}% 215
\BOOKMARK [1][-]{section.18.5}{Proof that U\(p\) is cyclic}{chapter.18}% 216
\BOOKMARK [0][-]{chapter.19}{Appendix: Induction proofs\205patterns and examples}{}% 217
\BOOKMARK [1][-]{section.19.1}{ Basic examples of induction proofs}{chapter.19}% 218
\BOOKMARK [1][-]{section.19.2}{Advice on writing up induction proofs}{chapter.19}% 219
\BOOKMARK [1][-]{section.19.3}{Induction proof patterns \046 practice problems}{chapter.19}% 220
\BOOKMARK [1][-]{section.19.4}{Strong Induction, with applications}{chapter.19}% 221
\BOOKMARK [1][-]{section.19.5}{More advice on induction and strong induction proofs}{chapter.19}% 222
\BOOKMARK [1][-]{section.19.6}{Common mistakes}{chapter.19}% 223
\BOOKMARK [1][-]{section.19.7}{Strong induction practice problems}{chapter.19}% 224
\BOOKMARK [1][-]{section.19.8}{Non-formula induction proofs.}{chapter.19}% 225
\BOOKMARK [1][-]{section.19.9}{Practice problems for non-formula induction}{chapter.19}% 226
\BOOKMARK [1][-]{section.19.10}{ Fallacies and pitfalls }{chapter.19}% 227
\BOOKMARK [0][-]{chapter.20}{Hints}{}% 228
\BOOKMARK [1][-]{section.20.1}{Hints for ``Complex Numbers'' exercises}{chapter.20}% 229
\BOOKMARK [1][-]{section.20.2}{Hints for ``Modular Arithmetic'' exercises}{chapter.20}% 230
\BOOKMARK [1][-]{section.20.3}{Hints for ``Introducction to Cryptography'' exercises}{chapter.20}% 231
\BOOKMARK [1][-]{section.20.4}{Hints for ``Set Theory'' exercises}{chapter.20}% 232
\BOOKMARK [1][-]{section.20.5}{Hints for ``Functions: basic concepts'' exercises}{chapter.20}% 233
\BOOKMARK [1][-]{section.20.6}{Hints for ``Equivalence Relations and Equivalence Classes'' exercises}{chapter.20}% 234
\BOOKMARK [1][-]{section.20.7}{Hints for ``Symmetries of Plane Figures'' exercises}{chapter.20}% 235
\BOOKMARK [1][-]{section.20.8}{Hints for ``Permutations'' exercises}{chapter.20}% 236
\BOOKMARK [1][-]{section.20.9}{Hints for ``Abstract Groups: Definitions and Basic Properties'' exercises}{chapter.20}% 237
\BOOKMARK [1][-]{section.20.10}{Hints for ``Cosets'' exercises}{chapter.20}% 238
\BOOKMARK [1][-]{section.20.11}{Hints for ``Group Actions'' exercises}{chapter.20}% 239
\BOOKMARK [1][-]{section.20.12}{Hints for ``Algebraic Coding'' exercises}{chapter.20}% 240
\BOOKMARK [1][-]{section.20.13}{Hints for ``Isomorphisms'' exercises}{chapter.20}% 241
\BOOKMARK [1][-]{section.20.14}{Hints for ``Homomorphism'' exercises}{chapter.20}% 242
\BOOKMARK [1][-]{section.20.15}{Hints for ``Sigma Notation'' exercises}{chapter.20}% 243
\BOOKMARK [1][-]{section.20.16}{Hints for ``Polynomial Rings'' exercises}{chapter.20}% 244
\BOOKMARK [0][-]{chapter*.47}{GNU Free Documentation License}{}% 245
\BOOKMARK [0][-]{section*.58}{Index}{}% 246
